<?xml version="1.0" encoding="UTF-8"?>
<!-- Generated by org.testng.reporters.JUnitXMLReporter -->
<testsuite hostname="DESKTOP-FQJI2AJ" ignored="0" name="Default test" tests="2" failures="0" timestamp="09 oct. 2019 20:09:18 GMT" time="1.08" errors="0">
  <testcase name="feature" time="0.896" classname="starter.testRunner.CucumberTestSuite">
    <skipped/>
  </testcase> <!-- feature -->
  <testcase name="feature" time="0.016" classname="starter.testRunner.CucumberTestSuite">
    <skipped/>
  </testcase> <!-- feature -->
</testsuite> <!-- Default test -->
