<?xml version="1.0" encoding="UTF-8"?>
<!-- Generated by org.testng.reporters.JUnitXMLReporter -->
<testsuite hostname="DESKTOP-FQJI2AJ" ignored="0" name="Test" tests="2" failures="0" timestamp="10 oct. 2019 08:08:29 GMT" time="1.115" errors="0">
  <testcase name="feature" time="0.881" classname="starter.testRunner.CucumberTestSuite">
    <skipped/>
  </testcase> <!-- feature -->
  <testcase name="feature" time="0.015" classname="starter.testRunner.CucumberTestSuite">
    <skipped/>
  </testcase> <!-- feature -->
</testsuite> <!-- Test -->
